#
# There is insufficient memory for the Java Runtime Environment to continue.
# Native memory allocation (malloc) failed to allocate 287536 bytes for Chunk::new
# Possible reasons:
#   The system is out of physical RAM or swap space
#   The process is running with CompressedOops enabled, and the Java Heap may be blocking the growth of the native heap
# Possible solutions:
#   Reduce memory load on the system
#   Increase physical memory or swap space
#   Check if swap backing store is full
#   Decrease Java heap size (-Xmx/-Xms)
#   Decrease number of Java threads
#   Decrease Java thread stack sizes (-Xss)
#   Set larger code cache with -XX:ReservedCodeCacheSize=
#   JVM is running with Unscaled Compressed Oops mode in which the Java heap is
#     placed in the first 4GB address space. The Java Heap base address is the
#     maximum limit for the native heap growth. Please use -XX:HeapBaseMinAddress
#     to set the Java Heap base and to place the Java Heap above 4GB virtual address.
# This output file may be truncated or incomplete.
#
#  Out of Memory Error (./src/hotspot/share/memory/arena.cpp:197), pid=15004, tid=14588
#
# JRE version: OpenJDK Runtime Environment (11.0.12+7) (build 11.0.12+7-b1504.28-7817840)
# Java VM: OpenJDK 64-Bit Server VM (11.0.12+7-b1504.28-7817840, mixed mode, tiered, compressed oops, g1 gc, windows-amd64)
# No core dump will be written. Minidumps are not enabled by default on client versions of Windows
#

---------------  S U M M A R Y ------------

Command Line: -Dorg.gradle.appname=gradlew org.gradle.wrapper.GradleWrapperMain -q -Ptarget-platform=android-arm64 -Ptarget=C:\Users\lenovo\Downloads\stegoappfinal\stegoappfinal\lib\main.dart -Pbase-application-name=android.app.Application -Pdart-defines=RkxVVFRFUl9XRUJfQVVUT19ERVRFQ1Q9dHJ1ZQ== -Pdart-obfuscation=false -Ptrack-widget-creation=true -Ptree-shake-icons=false -Pfilesystem-scheme=org-dartlang-root assembleDebug

Host: Intel(R) Core(TM) i5-5300U CPU @ 2.30GHz, 4 cores, 7G,  Windows 10 , 64 bit Build 19041 (10.0.19041.2364)
Time: Tue Dec 20 02:18:03 2022 Pacific Standard Time elapsed time: 495.383548 seconds (0d 0h 8m 15s)

---------------  T H R E A D  ---------------

Current thread (0x000001174a35b000):  JavaThread "C2 CompilerThread0" daemon [_thread_in_native, id=14588, stack(0x0000000799300000,0x0000000799400000)]


Current CompileTask:
C2: 495383 1541 % !   4       java.io.BufferedReader::readLine @ 131 (304 bytes)

Stack: [0x0000000799300000,0x0000000799400000]
Native frames: (J=compiled Java code, j=interpreted, Vv=VM code, C=native code)
V  [jvm.dll+0x5fbcea]
V  [jvm.dll+0x731905]
V  [jvm.dll+0x732f1d]
V  [jvm.dll+0x7335d3]
V  [jvm.dll+0x247bf8]
V  [jvm.dll+0xc018c]
V  [jvm.dll+0xc06cc]
V  [jvm.dll+0x35b31d]
V  [jvm.dll+0x328803]
V  [jvm.dll+0x327cfa]
V  [jvm.dll+0x200602]
V  [jvm.dll+0x1ff794]
V  [jvm.dll+0x18868c]
V  [jvm.dll+0x20e0d7]
V  [jvm.dll+0x20c901]
V  [jvm.dll+0x6f9b7f]
V  [jvm.dll+0x6f26a5]
V  [jvm.dll+0x5fabf6]
C  [ucrtbase.dll+0x21bb2]
C  [KERNEL32.DLL+0x17614]
C  [ntdll.dll+0x526a1]


---------------  P R O C E S S  ---------------

Threads class SMR info:
_java_thread_list=0x000001174adabe10, length=13, elements={
0x00000117309ee800, 0x000001174a337800, 0x000001174a338000, 0x000001174a354000,
0x000001174a356000, 0x000001174a357800, 0x000001174a35b000, 0x000001174a35c000,
0x000001174ad18000, 0x000001174adfd000, 0x000001174b67b000, 0x000001174b846800,
0x000001174afcd000
}

Java Threads: ( => current thread )
  0x00000117309ee800 JavaThread "main" [_thread_in_native, id=10692, stack(0x0000000798700000,0x0000000798800000)]
  0x000001174a337800 JavaThread "Reference Handler" daemon [_thread_blocked, id=14068, stack(0x0000000798e00000,0x0000000798f00000)]
  0x000001174a338000 JavaThread "Finalizer" daemon [_thread_blocked, id=10916, stack(0x0000000798f00000,0x0000000799000000)]
  0x000001174a354000 JavaThread "Signal Dispatcher" daemon [_thread_blocked, id=12692, stack(0x0000000799000000,0x0000000799100000)]
  0x000001174a356000 JavaThread "Attach Listener" daemon [_thread_blocked, id=3768, stack(0x0000000799100000,0x0000000799200000)]
  0x000001174a357800 JavaThread "Service Thread" daemon [_thread_blocked, id=7732, stack(0x0000000799200000,0x0000000799300000)]
=>0x000001174a35b000 JavaThread "C2 CompilerThread0" daemon [_thread_in_native, id=14588, stack(0x0000000799300000,0x0000000799400000)]
  0x000001174a35c000 JavaThread "C1 CompilerThread0" daemon [_thread_blocked, id=1472, stack(0x0000000799400000,0x0000000799500000)]
  0x000001174ad18000 JavaThread "Sweeper thread" daemon [_thread_blocked, id=6016, stack(0x0000000799500000,0x0000000799600000)]
  0x000001174adfd000 JavaThread "Common-Cleaner" daemon [_thread_blocked, id=13788, stack(0x0000000799700000,0x0000000799800000)]
  0x000001174b67b000 JavaThread "pool-1-thread-1" [_thread_blocked, id=3648, stack(0x0000000799900000,0x0000000799a00000)]
  0x000001174b846800 JavaThread "DisconnectableInputStream source reader" daemon [_thread_in_native, id=13332, stack(0x0000000799d00000,0x0000000799e00000)]
  0x000001174afcd000 JavaThread "Forward input" [_thread_blocked, id=12784, stack(0x0000000799e00000,0x0000000799f00000)]

Other Threads:
  0x000001174a310000 VMThread "VM Thread" [stack: 0x0000000798d00000,0x0000000798e00000] [id=13776]
  0x000001174adf4000 WatcherThread [stack: 0x0000000799600000,0x0000000799700000] [id=1424]
  0x0000011730a07000 GCTaskThread "GC Thread#0" [stack: 0x0000000798800000,0x0000000798900000] [id=11920]
  0x000001174b349800 GCTaskThread "GC Thread#1" [stack: 0x0000000799800000,0x0000000799900000] [id=3780]
  0x000001174b6c4800 GCTaskThread "GC Thread#2" [stack: 0x0000000798400000,0x0000000798500000] [id=8992]
  0x000001174bc8b800 GCTaskThread "GC Thread#3" [stack: 0x0000000798500000,0x0000000798600000] [id=15340]
  0x0000011730a36000 ConcurrentGCThread "G1 Main Marker" [stack: 0x0000000798900000,0x0000000798a00000] [id=13692]
  0x0000011730a38000 ConcurrentGCThread "G1 Conc#0" [stack: 0x0000000798a00000,0x0000000798b00000] [id=11424]
  0x0000011730ab5800 ConcurrentGCThread "G1 Refine#0" [stack: 0x0000000798b00000,0x0000000798c00000] [id=13848]
  0x0000011730ab6800 ConcurrentGCThread "G1 Young RemSet Sampling" [stack: 0x0000000798c00000,0x0000000798d00000] [id=7304]

Threads with active compile tasks:
C2 CompilerThread0 495412 1541 % !   4       java.io.BufferedReader::readLine @ 131 (304 bytes)

VM state:not at safepoint (normal execution)

VM Mutex/Monitor currently owned by a thread: None

Heap address: 0x0000000084c00000, size: 1972 MB, Compressed Oops mode: 32-bit
Narrow klass base: 0x0000000000000000, Narrow klass shift: 3
Compressed class space size: 1073741824 Address: 0x0000000100000000

Heap:
 garbage-first heap   total 126976K, used 13376K [0x0000000084c00000, 0x0000000100000000)
  region size 1024K, 7 young (7168K), 2 survivors (2048K)
 Metaspace       used 15967K, capacity 16308K, committed 16512K, reserved 1064960K
  class space    used 1792K, capacity 1909K, committed 1920K, reserved 1048576K
Heap Regions: E=young(eden), S=young(survivor), O=old, HS=humongous(starts), HC=humongous(continues), CS=collection set, F=free, A=archive, TAMS=top-at-mark-start (previous, next)
|   0|0x0000000084c00000, 0x0000000084d00000, 0x0000000084d00000|100%| O|  |TAMS 0x0000000084c00000, 0x0000000084c00000| Untracked 
|   1|0x0000000084d00000, 0x0000000084da1a00, 0x0000000084e00000| 63%| O|  |TAMS 0x0000000084d00000, 0x0000000084d00000| Untracked 
|   2|0x0000000084e00000, 0x0000000084e00000, 0x0000000084f00000|  0%| F|  |TAMS 0x0000000084e00000, 0x0000000084e00000| Untracked 
|   3|0x0000000084f00000, 0x0000000085000000, 0x0000000085000000|100%|HS|  |TAMS 0x0000000084f00000, 0x0000000084f00000| Complete 
|   4|0x0000000085000000, 0x0000000085100000, 0x0000000085100000|100%|HC|  |TAMS 0x0000000085000000, 0x0000000085000000| Complete 
|   5|0x0000000085100000, 0x0000000085200000, 0x0000000085200000|100%|HC|  |TAMS 0x0000000085100000, 0x0000000085100000| Complete 
|   6|0x0000000085200000, 0x0000000085300000, 0x0000000085300000|100%| O|  |TAMS 0x0000000085200000, 0x0000000085200000| Untracked 
|   7|0x0000000085300000, 0x0000000085400000, 0x0000000085400000|100%| O|  |TAMS 0x0000000085300000, 0x0000000085300000| Untracked 
|   8|0x0000000085400000, 0x0000000085500000, 0x0000000085500000|100%| O|  |TAMS 0x0000000085400000, 0x0000000085400000| Untracked 
|   9|0x0000000085500000, 0x0000000085500000, 0x0000000085600000|  0%| F|  |TAMS 0x0000000085500000, 0x0000000085500000| Untracked 
|  10|0x0000000085600000, 0x0000000085600000, 0x0000000085700000|  0%| F|  |TAMS 0x0000000085600000, 0x0000000085600000| Untracked 
|  11|0x0000000085700000, 0x0000000085700000, 0x0000000085800000|  0%| F|  |TAMS 0x0000000085700000, 0x0000000085700000| Untracked 
|  12|0x0000000085800000, 0x0000000085800000, 0x0000000085900000|  0%| F|  |TAMS 0x0000000085800000, 0x0000000085800000| Untracked 
|  13|0x0000000085900000, 0x0000000085900000, 0x0000000085a00000|  0%| F|  |TAMS 0x0000000085900000, 0x0000000085900000| Untracked 
|  14|0x0000000085a00000, 0x0000000085a00000, 0x0000000085b00000|  0%| F|  |TAMS 0x0000000085a00000, 0x0000000085a00000| Untracked 
|  15|0x0000000085b00000, 0x0000000085b00000, 0x0000000085c00000|  0%| F|  |TAMS 0x0000000085b00000, 0x0000000085b00000| Untracked 
|  16|0x0000000085c00000, 0x0000000085c00000, 0x0000000085d00000|  0%| F|  |TAMS 0x0000000085c00000, 0x0000000085c00000| Untracked 
|  17|0x0000000085d00000, 0x0000000085d00000, 0x0000000085e00000|  0%| F|  |TAMS 0x0000000085d00000, 0x0000000085d00000| Untracked 
|  18|0x0000000085e00000, 0x0000000085e00000, 0x0000000085f00000|  0%| F|  |TAMS 0x0000000085e00000, 0x0000000085e00000| Untracked 
|  19|0x0000000085f00000, 0x0000000085f00000, 0x0000000086000000|  0%| F|  |TAMS 0x0000000085f00000, 0x0000000085f00000| Untracked 
|  20|0x0000000086000000, 0x0000000086000000, 0x0000000086100000|  0%| F|  |TAMS 0x0000000086000000, 0x0000000086000000| Untracked 
|  21|0x0000000086100000, 0x0000000086100000, 0x0000000086200000|  0%| F|  |TAMS 0x0000000086100000, 0x0000000086100000| Untracked 
|  22|0x0000000086200000, 0x0000000086200000, 0x0000000086300000|  0%| F|  |TAMS 0x0000000086200000, 0x0000000086200000| Untracked 
|  23|0x0000000086300000, 0x0000000086300000, 0x0000000086400000|  0%| F|  |TAMS 0x0000000086300000, 0x0000000086300000| Untracked 
|  24|0x0000000086400000, 0x0000000086400000, 0x0000000086500000|  0%| F|  |TAMS 0x0000000086400000, 0x0000000086400000| Untracked 
|  25|0x0000000086500000, 0x0000000086500000, 0x0000000086600000|  0%| F|  |TAMS 0x0000000086500000, 0x0000000086500000| Untracked 
|  26|0x0000000086600000, 0x0000000086600000, 0x0000000086700000|  0%| F|  |TAMS 0x0000000086600000, 0x0000000086600000| Untracked 
|  27|0x0000000086700000, 0x0000000086700000, 0x0000000086800000|  0%| F|  |TAMS 0x0000000086700000, 0x0000000086700000| Untracked 
|  28|0x0000000086800000, 0x0000000086800000, 0x0000000086900000|  0%| F|  |TAMS 0x0000000086800000, 0x0000000086800000| Untracked 
|  29|0x0000000086900000, 0x0000000086900000, 0x0000000086a00000|  0%| F|  |TAMS 0x0000000086900000, 0x0000000086900000| Untracked 
|  30|0x0000000086a00000, 0x0000000086a00000, 0x0000000086b00000|  0%| F|  |TAMS 0x0000000086a00000, 0x0000000086a00000| Untracked 
|  31|0x0000000086b00000, 0x0000000086b00000, 0x0000000086c00000|  0%| F|  |TAMS 0x0000000086b00000, 0x0000000086b00000| Untracked 
|  32|0x0000000086c00000, 0x0000000086c00000, 0x0000000086d00000|  0%| F|  |TAMS 0x0000000086c00000, 0x0000000086c00000| Untracked 
|  33|0x0000000086d00000, 0x0000000086d00000, 0x0000000086e00000|  0%| F|  |TAMS 0x0000000086d00000, 0x0000000086d00000| Untracked 
|  34|0x0000000086e00000, 0x0000000086e00000, 0x0000000086f00000|  0%| F|  |TAMS 0x0000000086e00000, 0x0000000086e00000| Untracked 
|  35|0x0000000086f00000, 0x0000000086f00000, 0x0000000087000000|  0%| F|  |TAMS 0x0000000086f00000, 0x0000000086f00000| Untracked 
|  36|0x0000000087000000, 0x0000000087000000, 0x0000000087100000|  0%| F|  |TAMS 0x0000000087000000, 0x0000000087000000| Untracked 
|  37|0x0000000087100000, 0x0000000087100000, 0x0000000087200000|  0%| F|  |TAMS 0x0000000087100000, 0x0000000087100000| Untracked 
|  38|0x0000000087200000, 0x0000000087200000, 0x0000000087300000|  0%| F|  |TAMS 0x0000000087200000, 0x0000000087200000| Untracked 
|  39|0x0000000087300000, 0x0000000087300000, 0x0000000087400000|  0%| F|  |TAMS 0x0000000087300000, 0x0000000087300000| Untracked 
|  40|0x0000000087400000, 0x0000000087400000, 0x0000000087500000|  0%| F|  |TAMS 0x0000000087400000, 0x0000000087400000| Untracked 
|  41|0x0000000087500000, 0x0000000087500000, 0x0000000087600000|  0%| F|  |TAMS 0x0000000087500000, 0x0000000087500000| Untracked 
|  42|0x0000000087600000, 0x0000000087600000, 0x0000000087700000|  0%| F|  |TAMS 0x0000000087600000, 0x0000000087600000| Untracked 
|  43|0x0000000087700000, 0x0000000087700000, 0x0000000087800000|  0%| F|  |TAMS 0x0000000087700000, 0x0000000087700000| Untracked 
|  44|0x0000000087800000, 0x0000000087800000, 0x0000000087900000|  0%| F|  |TAMS 0x0000000087800000, 0x0000000087800000| Untracked 
|  45|0x0000000087900000, 0x0000000087900000, 0x0000000087a00000|  0%| F|  |TAMS 0x0000000087900000, 0x0000000087900000| Untracked 
|  46|0x0000000087a00000, 0x0000000087a00000, 0x0000000087b00000|  0%| F|  |TAMS 0x0000000087a00000, 0x0000000087a00000| Untracked 
|  47|0x0000000087b00000, 0x0000000087b00000, 0x0000000087c00000|  0%| F|  |TAMS 0x0000000087b00000, 0x0000000087b00000| Untracked 
|  48|0x0000000087c00000, 0x0000000087c00000, 0x0000000087d00000|  0%| F|  |TAMS 0x0000000087c00000, 0x0000000087c00000| Untracked 
|  49|0x0000000087d00000, 0x0000000087d00000, 0x0000000087e00000|  0%| F|  |TAMS 0x0000000087d00000, 0x0000000087d00000| Untracked 
|  50|0x0000000087e00000, 0x0000000087e00000, 0x0000000087f00000|  0%| F|  |TAMS 0x0000000087e00000, 0x0000000087e00000| Untracked 
|  51|0x0000000087f00000, 0x0000000087f00000, 0x0000000088000000|  0%| F|  |TAMS 0x0000000087f00000, 0x0000000087f00000| Untracked 
|  52|0x0000000088000000, 0x0000000088000000, 0x0000000088100000|  0%| F|  |TAMS 0x0000000088000000, 0x0000000088000000| Untracked 
|  53|0x0000000088100000, 0x0000000088100000, 0x0000000088200000|  0%| F|  |TAMS 0x0000000088100000, 0x0000000088100000| Untracked 
|  54|0x0000000088200000, 0x0000000088200000, 0x0000000088300000|  0%| F|  |TAMS 0x0000000088200000, 0x0000000088200000| Untracked 
|  55|0x0000000088300000, 0x0000000088300000, 0x0000000088400000|  0%| F|  |TAMS 0x0000000088300000, 0x0000000088300000| Untracked 
|  56|0x0000000088400000, 0x0000000088400000, 0x0000000088500000|  0%| F|  |TAMS 0x0000000088400000, 0x0000000088400000| Untracked 
|  57|0x0000000088500000, 0x0000000088500000, 0x0000000088600000|  0%| F|  |TAMS 0x0000000088500000, 0x0000000088500000| Untracked 
|  58|0x0000000088600000, 0x0000000088600000, 0x0000000088700000|  0%| F|  |TAMS 0x0000000088600000, 0x0000000088600000| Untracked 
|  59|0x0000000088700000, 0x0000000088700000, 0x0000000088800000|  0%| F|  |TAMS 0x0000000088700000, 0x0000000088700000| Untracked 
|  60|0x0000000088800000, 0x0000000088800000, 0x0000000088900000|  0%| F|  |TAMS 0x0000000088800000, 0x0000000088800000| Untracked 
|  61|0x0000000088900000, 0x0000000088900000, 0x0000000088a00000|  0%| F|  |TAMS 0x0000000088900000, 0x0000000088900000| Untracked 
|  62|0x0000000088a00000, 0x0000000088a00000, 0x0000000088b00000|  0%| F|  |TAMS 0x0000000088a00000, 0x0000000088a00000| Untracked 
|  63|0x0000000088b00000, 0x0000000088b00000, 0x0000000088c00000|  0%| F|  |TAMS 0x0000000088b00000, 0x0000000088b00000| Untracked 
|  64|0x0000000088c00000, 0x0000000088c00000, 0x0000000088d00000|  0%| F|  |TAMS 0x0000000088c00000, 0x0000000088c00000| Untracked 
|  65|0x0000000088d00000, 0x0000000088d00000, 0x0000000088e00000|  0%| F|  |TAMS 0x0000000088d00000, 0x0000000088d00000| Untracked 
|  66|0x0000000088e00000, 0x0000000088e00000, 0x0000000088f00000|  0%| F|  |TAMS 0x0000000088e00000, 0x0000000088e00000| Untracked 
|  67|0x0000000088f00000, 0x0000000088f00000, 0x0000000089000000|  0%| F|  |TAMS 0x0000000088f00000, 0x0000000088f00000| Untracked 
|  68|0x0000000089000000, 0x0000000089000000, 0x0000000089100000|  0%| F|  |TAMS 0x0000000089000000, 0x0000000089000000| Untracked 
|  69|0x0000000089100000, 0x0000000089100000, 0x0000000089200000|  0%| F|  |TAMS 0x0000000089100000, 0x0000000089100000| Untracked 
|  70|0x0000000089200000, 0x0000000089200000, 0x0000000089300000|  0%| F|  |TAMS 0x0000000089200000, 0x0000000089200000| Untracked 
|  71|0x0000000089300000, 0x0000000089300000, 0x0000000089400000|  0%| F|  |TAMS 0x0000000089300000, 0x0000000089300000| Untracked 
|  72|0x0000000089400000, 0x0000000089400000, 0x0000000089500000|  0%| F|  |TAMS 0x0000000089400000, 0x0000000089400000| Untracked 
|  73|0x0000000089500000, 0x0000000089500000, 0x0000000089600000|  0%| F|  |TAMS 0x0000000089500000, 0x0000000089500000| Untracked 
|  74|0x0000000089600000, 0x0000000089600000, 0x0000000089700000|  0%| F|  |TAMS 0x0000000089600000, 0x0000000089600000| Untracked 
|  75|0x0000000089700000, 0x0000000089700000, 0x0000000089800000|  0%| F|  |TAMS 0x0000000089700000, 0x0000000089700000| Untracked 
|  76|0x0000000089800000, 0x0000000089800000, 0x0000000089900000|  0%| F|  |TAMS 0x0000000089800000, 0x0000000089800000| Untracked 
|  77|0x0000000089900000, 0x0000000089900000, 0x0000000089a00000|  0%| F|  |TAMS 0x0000000089900000, 0x0000000089900000| Untracked 
|  78|0x0000000089a00000, 0x0000000089a00000, 0x0000000089b00000|  0%| F|  |TAMS 0x0000000089a00000, 0x0000000089a00000| Untracked 
|  79|0x0000000089b00000, 0x0000000089b00000, 0x0000000089c00000|  0%| F|  |TAMS 0x0000000089b00000, 0x0000000089b00000| Untracked 
|  80|0x0000000089c00000, 0x0000000089c00000, 0x0000000089d00000|  0%| F|  |TAMS 0x0000000089c00000, 0x0000000089c00000| Untracked 
|  81|0x0000000089d00000, 0x0000000089d00000, 0x0000000089e00000|  0%| F|  |TAMS 0x0000000089d00000, 0x0000000089d00000| Untracked 
|  82|0x0000000089e00000, 0x0000000089e00000, 0x0000000089f00000|  0%| F|  |TAMS 0x0000000089e00000, 0x0000000089e00000| Untracked 
|  83|0x0000000089f00000, 0x0000000089f00000, 0x000000008a000000|  0%| F|  |TAMS 0x0000000089f00000, 0x0000000089f00000| Untracked 
|  84|0x000000008a000000, 0x000000008a000000, 0x000000008a100000|  0%| F|  |TAMS 0x000000008a000000, 0x000000008a000000| Untracked 
|  85|0x000000008a100000, 0x000000008a100000, 0x000000008a200000|  0%| F|  |TAMS 0x000000008a100000, 0x000000008a100000| Untracked 
|  86|0x000000008a200000, 0x000000008a200000, 0x000000008a300000|  0%| F|  |TAMS 0x000000008a200000, 0x000000008a200000| Untracked 
|  87|0x000000008a300000, 0x000000008a300000, 0x000000008a400000|  0%| F|  |TAMS 0x000000008a300000, 0x000000008a300000| Untracked 
|  88|0x000000008a400000, 0x000000008a400000, 0x000000008a500000|  0%| F|  |TAMS 0x000000008a400000, 0x000000008a400000| Untracked 
|  89|0x000000008a500000, 0x000000008a500000, 0x000000008a600000|  0%| F|  |TAMS 0x000000008a500000, 0x000000008a500000| Untracked 
|  90|0x000000008a600000, 0x000000008a600000, 0x000000008a700000|  0%| F|  |TAMS 0x000000008a600000, 0x000000008a600000| Untracked 
|  91|0x000000008a700000, 0x000000008a700000, 0x000000008a800000|  0%| F|  |TAMS 0x000000008a700000, 0x000000008a700000| Untracked 
|  92|0x000000008a800000, 0x000000008a800000, 0x000000008a900000|  0%| F|  |TAMS 0x000000008a800000, 0x000000008a800000| Untracked 
|  93|0x000000008a900000, 0x000000008a900000, 0x000000008aa00000|  0%| F|  |TAMS 0x000000008a900000, 0x000000008a900000| Untracked 
|  94|0x000000008aa00000, 0x000000008aa00000, 0x000000008ab00000|  0%| F|  |TAMS 0x000000008aa00000, 0x000000008aa00000| Untracked 
|  95|0x000000008ab00000, 0x000000008ab00000, 0x000000008ac00000|  0%| F|  |TAMS 0x000000008ab00000, 0x000000008ab00000| Untracked 
|  96|0x000000008ac00000, 0x000000008ac00000, 0x000000008ad00000|  0%| F|  |TAMS 0x000000008ac00000, 0x000000008ac00000| Untracked 
|  97|0x000000008ad00000, 0x000000008ad00000, 0x000000008ae00000|  0%| F|  |TAMS 0x000000008ad00000, 0x000000008ad00000| Untracked 
|  98|0x000000008ae00000, 0x000000008ae00000, 0x000000008af00000|  0%| F|  |TAMS 0x000000008ae00000, 0x000000008ae00000| Untracked 
|  99|0x000000008af00000, 0x000000008af00000, 0x000000008b000000|  0%| F|  |TAMS 0x000000008af00000, 0x000000008af00000| Untracked 
| 100|0x000000008b000000, 0x000000008b000000, 0x000000008b100000|  0%| F|  |TAMS 0x000000008b000000, 0x000000008b000000| Untracked 
| 101|0x000000008b100000, 0x000000008b16e6a0, 0x000000008b200000| 43%| S|CS|TAMS 0x000000008b100000, 0x000000008b100000| Complete 
| 102|0x000000008b200000, 0x000000008b300000, 0x000000008b300000|100%| S|CS|TAMS 0x000000008b200000, 0x000000008b200000| Complete 
| 103|0x000000008b300000, 0x000000008b300000, 0x000000008b400000|  0%| F|  |TAMS 0x000000008b300000, 0x000000008b300000| Untracked 
| 104|0x000000008b400000, 0x000000008b400000, 0x000000008b500000|  0%| F|  |TAMS 0x000000008b400000, 0x000000008b400000| Untracked 
| 105|0x000000008b500000, 0x000000008b500000, 0x000000008b600000|  0%| F|  |TAMS 0x000000008b500000, 0x000000008b500000| Untracked 
| 106|0x000000008b600000, 0x000000008b600000, 0x000000008b700000|  0%| F|  |TAMS 0x000000008b600000, 0x000000008b600000| Untracked 
| 107|0x000000008b700000, 0x000000008b700000, 0x000000008b800000|  0%| F|  |TAMS 0x000000008b700000, 0x000000008b700000| Untracked 
| 108|0x000000008b800000, 0x000000008b800000, 0x000000008b900000|  0%| F|  |TAMS 0x000000008b800000, 0x000000008b800000| Untracked 
| 109|0x000000008b900000, 0x000000008b900000, 0x000000008ba00000|  0%| F|  |TAMS 0x000000008b900000, 0x000000008b900000| Untracked 
| 110|0x000000008ba00000, 0x000000008ba00000, 0x000000008bb00000|  0%| F|  |TAMS 0x000000008ba00000, 0x000000008ba00000| Untracked 
| 111|0x000000008bb00000, 0x000000008bb00000, 0x000000008bc00000|  0%| F|  |TAMS 0x000000008bb00000, 0x000000008bb00000| Untracked 
| 112|0x000000008bc00000, 0x000000008bc00000, 0x000000008bd00000|  0%| F|  |TAMS 0x000000008bc00000, 0x000000008bc00000| Untracked 
| 113|0x000000008bd00000, 0x000000008bd00000, 0x000000008be00000|  0%| F|  |TAMS 0x000000008bd00000, 0x000000008bd00000| Untracked 
| 114|0x000000008be00000, 0x000000008be00000, 0x000000008bf00000|  0%| F|  |TAMS 0x000000008be00000, 0x000000008be00000| Untracked 
| 115|0x000000008bf00000, 0x000000008bf00000, 0x000000008c000000|  0%| F|  |TAMS 0x000000008bf00000, 0x000000008bf00000| Untracked 
| 116|0x000000008c000000, 0x000000008c000000, 0x000000008c100000|  0%| F|  |TAMS 0x000000008c000000, 0x000000008c000000| Untracked 
| 117|0x000000008c100000, 0x000000008c100000, 0x000000008c200000|  0%| F|  |TAMS 0x000000008c100000, 0x000000008c100000| Untracked 
| 118|0x000000008c200000, 0x000000008c200000, 0x000000008c300000|  0%| F|  |TAMS 0x000000008c200000, 0x000000008c200000| Untracked 
| 119|0x000000008c300000, 0x000000008c3d1b18, 0x000000008c400000| 81%| E|  |TAMS 0x000000008c300000, 0x000000008c300000| Complete 
| 120|0x000000008c400000, 0x000000008c500000, 0x000000008c500000|100%| E|CS|TAMS 0x000000008c400000, 0x000000008c400000| Complete 
| 121|0x000000008c500000, 0x000000008c600000, 0x000000008c600000|100%| E|CS|TAMS 0x000000008c500000, 0x000000008c500000| Complete 
| 122|0x000000008c600000, 0x000000008c700000, 0x000000008c700000|100%| E|CS|TAMS 0x000000008c600000, 0x000000008c600000| Complete 
| 123|0x000000008c700000, 0x000000008c800000, 0x000000008c800000|100%| E|CS|TAMS 0x000000008c700000, 0x000000008c700000| Complete 

Card table byte_map: [0x00000117438e0000,0x0000011743cc0000] _byte_map_base: 0x00000117434ba000

Marking Bits (Prev, Next): (CMBitMap*) 0x0000011730a2d4a8, (CMBitMap*) 0x0000011730a2d4e0
 Prev Bits: [0x00000117440a0000, 0x0000011745f70000)
 Next Bits: [0x0000011745f70000, 0x0000011747e40000)

Polling page: 0x00000117301d0000

Metaspace:

Usage:
  Non-class:     14.06 MB capacity,    13.85 MB ( 98%) used,   198.28 KB (  1%) free+waste,    22.44 KB ( <1%) overhead. 
      Class:      1.86 MB capacity,     1.75 MB ( 94%) used,   105.23 KB (  6%) free+waste,    11.00 KB ( <1%) overhead. 
       Both:     15.93 MB capacity,    15.60 MB ( 98%) used,   303.52 KB (  2%) free+waste,    33.44 KB ( <1%) overhead. 

Virtual space:
  Non-class space:       16.00 MB reserved,      14.25 MB ( 89%) committed 
      Class space:        1.00 GB reserved,       1.88 MB ( <1%) committed 
             Both:        1.02 GB reserved,      16.13 MB (  2%) committed 

Chunk freelists:
   Non-Class:  1.00 KB
       Class:  11.00 KB
        Both:  12.00 KB

MaxMetaspaceSize: 17179869184.00 GB
CompressedClassSpaceSize: 1.00 GB
Initial GC threshold: 20.80 MB
Current GC threshold: 20.80 MB
CDS: off

CodeHeap 'non-profiled nmethods': size=120064Kb used=688Kb max_used=688Kb free=119375Kb
 bounds [0x000001173bfc0000, 0x000001173c230000, 0x0000011743500000]
CodeHeap 'profiled nmethods': size=120000Kb used=2882Kb max_used=2882Kb free=117118Kb
 bounds [0x0000011734a90000, 0x0000011734d70000, 0x000001173bfc0000]
CodeHeap 'non-nmethods': size=5696Kb used=1172Kb max_used=1201Kb free=4523Kb
 bounds [0x0000011734500000, 0x0000011734770000, 0x0000011734a90000]
 total_blobs=1977 nmethods=1547 adapters=343
 compilation: enabled
              stopped_count=0, restarted_count=0
 full_count=0

Compilation events (20 events):
Event: 495.345 Thread 0x000001174a35c000 nmethod 1535 0x0000011734d5b790 code [0x0000011734d5b940, 0x0000011734d5ba88]
Event: 495.345 Thread 0x000001174a35c000 1536       1       java.util.LinkedList::size (5 bytes)
Event: 495.345 Thread 0x000001174a35c000 nmethod 1536 0x000001173c06b790 code [0x000001173c06b940, 0x000001173c06b9f8]
Event: 495.345 Thread 0x000001174a35c000 1537       3       java.lang.AbstractStringBuilder::appendChars (130 bytes)
Event: 495.347 Thread 0x000001174a35c000 nmethod 1537 0x0000011734d5bb10 code [0x0000011734d5bd80, 0x0000011734d5c868]
Event: 495.350 Thread 0x000001174a35c000 1538       3       java.util.LinkedList::checkPositionIndex (22 bytes)
Event: 495.350 Thread 0x000001174a35c000 nmethod 1538 0x0000011734d5ce10 code [0x0000011734d5d080, 0x0000011734d5d7a8]
Event: 495.350 Thread 0x000001174a35c000 1539       3       java.util.LinkedList::isPositionIndex (18 bytes)
Event: 495.350 Thread 0x000001174a35c000 nmethod 1539 0x0000011734d5da90 code [0x0000011734d5dc40, 0x0000011734d5ddd8]
Event: 495.350 Thread 0x000001174a35c000 1540       3       java.util.LinkedList::node (65 bytes)
Event: 495.350 Thread 0x000001174a35b000 1541 % !   4       java.io.BufferedReader::readLine @ 131 (304 bytes)
Event: 495.351 Thread 0x000001174a35c000 nmethod 1540 0x0000011734d5de90 code [0x0000011734d5e060, 0x0000011734d5e318]
Event: 495.351 Thread 0x000001174a35c000 1542       3       org.gradle.util.internal.LimitedDescription::append (33 bytes)
Event: 495.352 Thread 0x000001174a35c000 nmethod 1542 0x0000011734d5e490 code [0x0000011734d5e700, 0x0000011734d5ee88]
Event: 495.352 Thread 0x000001174a35c000 1543       3       java.util.LinkedList::add (32 bytes)
Event: 495.352 Thread 0x000001174a35c000 nmethod 1543 0x0000011734d5f190 code [0x0000011734d5f3a0, 0x0000011734d5f888]
Event: 495.368 Thread 0x000001174a35c000 1546       3       java.lang.StringBuilder::append (8 bytes)
Event: 495.368 Thread 0x000001174a35c000 nmethod 1546 0x0000011734d5fa90 code [0x0000011734d5fc40, 0x0000011734d5fd88]
Event: 495.368 Thread 0x000001174a35c000 1547       3       java.lang.AbstractStringBuilder::append (55 bytes)
Event: 495.369 Thread 0x000001174a35c000 nmethod 1547 0x0000011734d5fe10 code [0x0000011734d60000, 0x0000011734d60338]

GC Heap History (6 events):
Event: 1.550 GC heap before
{Heap before GC invocations=0 (full 0):
 garbage-first heap   total 126976K, used 19456K [0x0000000084c00000, 0x0000000100000000)
  region size 1024K, 14 young (14336K), 0 survivors (0K)
 Metaspace       used 8250K, capacity 8471K, committed 8576K, reserved 1056768K
  class space    used 764K, capacity 820K, committed 896K, reserved 1048576K
}
Event: 1.567 GC heap after
{Heap after GC invocations=1 (full 0):
 garbage-first heap   total 126976K, used 7815K [0x0000000084c00000, 0x0000000100000000)
  region size 1024K, 2 young (2048K), 2 survivors (2048K)
 Metaspace       used 8250K, capacity 8471K, committed 8576K, reserved 1056768K
  class space    used 764K, capacity 820K, committed 896K, reserved 1048576K
}
Event: 2.470 GC heap before
{Heap before GC invocations=1 (full 0):
 garbage-first heap   total 126976K, used 13959K [0x0000000084c00000, 0x0000000100000000)
  region size 1024K, 8 young (8192K), 2 survivors (2048K)
 Metaspace       used 10273K, capacity 10476K, committed 10624K, reserved 1058816K
  class space    used 1056K, capacity 1129K, committed 1152K, reserved 1048576K
}
Event: 2.474 GC heap after
{Heap after GC invocations=2 (full 0):
 garbage-first heap   total 126976K, used 8266K [0x0000000084c00000, 0x0000000100000000)
  region size 1024K, 1 young (1024K), 1 survivors (1024K)
 Metaspace       used 10273K, capacity 10476K, committed 10624K, reserved 1058816K
  class space    used 1056K, capacity 1129K, committed 1152K, reserved 1048576K
}
Event: 272.986 GC heap before
{Heap before GC invocations=2 (full 0):
 garbage-first heap   total 126976K, used 28746K [0x0000000084c00000, 0x0000000100000000)
  region size 1024K, 21 young (21504K), 1 survivors (1024K)
 Metaspace       used 15845K, capacity 16172K, committed 16256K, reserved 1062912K
  class space    used 1784K, capacity 1906K, committed 1920K, reserved 1048576K
}
Event: 272.996 GC heap after
{Heap after GC invocations=3 (full 0):
 garbage-first heap   total 126976K, used 9280K [0x0000000084c00000, 0x0000000100000000)
  region size 1024K, 2 young (2048K), 2 survivors (2048K)
 Metaspace       used 15845K, capacity 16172K, committed 16256K, reserved 1062912K
  class space    used 1784K, capacity 1906K, committed 1920K, reserved 1048576K
}

Deoptimization events (20 events):
Event: 432.111 Thread 0x00000117309ee800 Uncommon trap: trap_request=0xffffff4d fr.pc=0x000001173c03b8bc relative=0x000000000000027c
Event: 432.111 Thread 0x00000117309ee800 Uncommon trap: reason=unstable_if action=reinterpret pc=0x000001173c03b8bc method=com.esotericsoftware.kryo.io.Input.readVarLong(Z)J @ 84 c2
Event: 432.111 Thread 0x00000117309ee800 DEOPT PACKING pc=0x000001173c03b8bc sp=0x00000007987fd2a0
Event: 432.111 Thread 0x00000117309ee800 DEOPT UNPACKING pc=0x000001173454a1af sp=0x00000007987fd240 mode 2
Event: 494.425 Thread 0x00000117309ee800 Uncommon trap: trap_request=0xffffff4d fr.pc=0x000001173c03d310 relative=0x0000000000000c70
Event: 494.425 Thread 0x00000117309ee800 Uncommon trap: reason=unstable_if action=reinterpret pc=0x000001173c03d310 method=com.esotericsoftware.kryo.io.Input.readUtf8(I)V @ 79 c2
Event: 494.425 Thread 0x00000117309ee800 DEOPT PACKING pc=0x000001173c03d310 sp=0x00000007987fd190
Event: 494.425 Thread 0x00000117309ee800 DEOPT UNPACKING pc=0x000001173454a1af sp=0x00000007987fd000 mode 2
Event: 495.314 Thread 0x00000117309ee800 Uncommon trap: trap_request=0xffffff4d fr.pc=0x000001173c04cea4 relative=0x0000000000000704
Event: 495.314 Thread 0x00000117309ee800 Uncommon trap: reason=unstable_if action=reinterpret pc=0x000001173c04cea4 method=com.esotericsoftware.kryo.io.Input.require(I)I @ 180 c2
Event: 495.314 Thread 0x00000117309ee800 DEOPT PACKING pc=0x000001173c04cea4 sp=0x00000007987fd580
Event: 495.314 Thread 0x00000117309ee800 DEOPT UNPACKING pc=0x000001173454a1af sp=0x00000007987fd248 mode 2
Event: 495.331 Thread 0x00000117309ee800 Uncommon trap: trap_request=0xffffffde fr.pc=0x000001173c061610 relative=0x0000000000003650
Event: 495.331 Thread 0x00000117309ee800 Uncommon trap: reason=class_check action=maybe_recompile pc=0x000001173c061610 method=org.gradle.internal.logging.sink.OutputEventTransformer.onOutput(Lorg/gradle/internal/logging/events/OutputEvent;)V @ 328 c2
Event: 495.331 Thread 0x00000117309ee800 DEOPT PACKING pc=0x000001173c061610 sp=0x00000007987fd210
Event: 495.331 Thread 0x00000117309ee800 DEOPT UNPACKING pc=0x000001173454a1af sp=0x00000007987fd1e8 mode 2
Event: 495.358 Thread 0x00000117309ee800 Uncommon trap: trap_request=0xffffffde fr.pc=0x000001173c061610 relative=0x0000000000003650
Event: 495.358 Thread 0x00000117309ee800 Uncommon trap: reason=class_check action=maybe_recompile pc=0x000001173c061610 method=org.gradle.internal.logging.sink.OutputEventTransformer.onOutput(Lorg/gradle/internal/logging/events/OutputEvent;)V @ 328 c2
Event: 495.358 Thread 0x00000117309ee800 DEOPT PACKING pc=0x000001173c061610 sp=0x00000007987fd330
Event: 495.358 Thread 0x00000117309ee800 DEOPT UNPACKING pc=0x000001173454a1af sp=0x00000007987fd308 mode 2

Classes redefined (0 events):
No events

Internal exceptions (18 events):
Event: 0.489 Thread 0x00000117309ee800 Exception <a 'java/lang/NoSuchMethodError'{0x000000008c68a2c0}: 'int java.lang.invoke.DirectMethodHandle$Holder.invokeSpecialIFC(java.lang.Object, java.lang.Object, int)'> (0x000000008c68a2c0) thrown at [./src/hotspot/share/interpreter/linkResolver.cpp, line 773]
Event: 0.704 Thread 0x00000117309ee800 Exception <a 'java/lang/NoSuchMethodError'{0x000000008c401708}: 'int java.lang.invoke.DirectMethodHandle$Holder.invokeStaticInit(java.lang.Object, java.lang.Object)'> (0x000000008c401708) thrown at [./src/hotspot/share/interpreter/linkResolver.cpp, line 773]
Event: 0.804 Thread 0x00000117309ee800 Exception <a 'java/lang/NoSuchMethodError'{0x000000008c4b7938}: 'int java.lang.invoke.DirectMethodHandle$Holder.invokeSpecial(java.lang.Object, java.lang.Object, java.lang.Object, java.lang.Object)'> (0x000000008c4b7938) thrown at [./src/hotspot/share/interpreter/linkResolver.cpp, line 773]
Event: 2.417 Thread 0x00000117309ee800 Exception <a 'java/lang/NoClassDefFoundError'{0x000000008c382880}: org/slf4j/impl/StaticMarkerBinder> (0x000000008c382880) thrown at [./src/hotspot/share/classfile/systemDictionary.cpp, line 220]
Event: 2.458 Thread 0x00000117309ee800 Exception <a 'java/lang/NoSuchMethodError'{0x000000008c218050}: 'java.lang.Object java.lang.invoke.DirectMethodHandle$Holder.invokeVirtual(java.lang.Object, java.lang.Object, java.lang.Object, java.lang.Object, java.lang.Object)'> (0x000000008c218050) thrown at [./src/hotspot/share/interpreter/linkResolver.cpp, line 773]
Event: 2.811 Thread 0x00000117309ee800 Exception <a 'java/lang/NoSuchMethodError'{0x000000008c48a970}: 'java.lang.Object java.lang.invoke.Invokers$Holder.invoker(java.lang.Object, java.lang.Object, java.lang.Object, java.lang.Object, java.lang.Object)'> (0x000000008c48a970) thrown at [./src/hotspot/share/interpreter/linkResolver.cpp, line 773]
Event: 2.819 Thread 0x00000117309ee800 Exception <a 'java/lang/NoSuchMethodError'{0x000000008c49b778}: 'void java.lang.invoke.DelegatingMethodHandle$Holder.delegate(java.lang.Object, java.lang.Object, int, java.lang.Object)'> (0x000000008c49b778) thrown at [./src/hotspot/share/interpreter/linkResolver.cpp, line 773]
Event: 3.051 Thread 0x00000117309ee800 Exception <a 'java/lang/NoSuchMethodError'{0x000000008c0a38b0}: 'java.lang.Object java.lang.invoke.DirectMethodHandle$Holder.invokeStaticInit(java.lang.Object, java.lang.Object, java.lang.Object)'> (0x000000008c0a38b0) thrown at [./src/hotspot/share/interpreter/linkResolver.cpp, line 773]
Event: 3.091 Thread 0x00000117309ee800 Implicit null exception at 0x000001173c005b75 to 0x000001173c005d7c
Event: 3.434 Thread 0x00000117309ee800 Exception <a 'java/lang/NoSuchMethodError'{0x000000008bb0b9f8}: 'java.lang.Object java.lang.invoke.DirectMethodHandle$Holder.invokeStaticInit(java.lang.Object, int, int, int, int)'> (0x000000008bb0b9f8) thrown at [./src/hotspot/share/interpreter/linkResolver.cpp, line 773]
Event: 5.346 Thread 0x00000117309ee800 Exception <a 'java/lang/NoSuchMethodError'{0x000000008bb7ecc8}: 'java.lang.Object java.lang.invoke.DirectMethodHandle$Holder.invokeStaticInit(java.lang.Object, java.lang.Object, int, int, int, int)'> (0x000000008bb7ecc8) thrown at [./src/hotspot/share/interpreter/linkResolver.cpp, line 773]
Event: 6.708 Thread 0x000001174b846800 Exception <a 'java/lang/NoSuchMethodError'{0x000000008b67d9b0}: 'void java.lang.invoke.DirectMethodHandle$Holder.invokeStatic(java.lang.Object, long)'> (0x000000008b67d9b0) thrown at [./src/hotspot/share/interpreter/linkResolver.cpp, line 773]
Event: 6.709 Thread 0x000001174b846800 Exception <a 'java/lang/NoSuchMethodError'{0x000000008b682c00}: 'java.lang.Object java.lang.invoke.DirectMethodHandle$Holder.invokeStatic(java.lang.Object, long)'> (0x000000008b682c00) thrown at [./src/hotspot/share/interpreter/linkResolver.cpp, line 773]
Event: 6.717 Thread 0x000001174b846800 Exception <a 'java/lang/NoSuchMethodError'{0x000000008b690ca0}: 'java.lang.Object java.lang.invoke.DirectMethodHandle$Holder.invokeStaticInit(java.lang.Object, java.lang.Object, long, java.lang.Object)'> (0x000000008b690ca0) thrown at [./src/hotspot/share/interpreter/linkResolver.cpp, line 773]
Event: 6.719 Thread 0x000001174b846800 Exception <a 'java/lang/NoSuchMethodError'{0x000000008b696bc8}: 'java.lang.Object java.lang.invoke.DirectMethodHandle$Holder.invokeStatic(java.lang.Object, java.lang.Object, long)'> (0x000000008b696bc8) thrown at [./src/hotspot/share/interpreter/linkResolver.cpp, line 773]
Event: 6.721 Thread 0x000001174b846800 Exception <a 'java/lang/NoSuchMethodError'{0x000000008b69ce98}: 'java.lang.Object java.lang.invoke.Invokers$Holder.linkToTargetMethod(java.lang.Object, long, java.lang.Object)'> (0x000000008b69ce98) thrown at [./src/hotspot/share/interpreter/linkResolver.cpp, line 773]
Event: 495.309 Thread 0x00000117309ee800 Exception <a 'java/io/IOException'{0x000000008c351900}> (0x000000008c351900) thrown at [./src/hotspot/share/prims/jni.cpp, line 615]
Event: 495.362 Thread 0x00000117309ee800 Exception <a 'java/lang/NoSuchMethodError'{0x000000008c391a80}: 'int java.lang.invoke.DirectMethodHandle$Holder.invokeVirtual(java.lang.Object, java.lang.Object)'> (0x000000008c391a80) thrown at [./src/hotspot/share/interpreter/linkResolver.cpp, line 773]

Events (20 events):
Event: 357.929 loading class org/gradle/internal/logging/text/AbstractLineChoppingStyledTextOutput$StateContext
Event: 357.929 loading class org/gradle/internal/logging/text/AbstractLineChoppingStyledTextOutput$StateContext done
Event: 495.309 loading class com/google/common/base/Objects
Event: 495.309 loading class com/google/common/base/Objects done
Event: 495.310 loading class com/google/common/base/ExtraObjectsMethodsForWeb
Event: 495.310 loading class com/google/common/base/ExtraObjectsMethodsForWeb done
Event: 495.315 loading class org/slf4j/helpers/MessageFormatter
Event: 495.315 loading class org/slf4j/helpers/MessageFormatter done
Event: 495.329 loading class org/slf4j/helpers/FormattingTuple
Event: 495.329 loading class org/slf4j/helpers/FormattingTuple done
Event: 495.332 loading class org/gradle/util/internal/LimitedDescription
Event: 495.332 loading class org/gradle/util/internal/LimitedDescription done
Event: 495.351 loading class com/google/common/collect/Lists$ReverseList
Event: 495.351 loading class com/google/common/collect/Lists$ReverseList done
Event: 495.356 loading class com/google/common/collect/Lists$ReverseList$1
Event: 495.356 loading class com/google/common/collect/Lists$ReverseList$1 done
Event: 495.360 Executing VM operation: RevokeBias
Event: 495.361 Executing VM operation: RevokeBias done
Event: 495.361 Executing VM operation: RevokeBias
Event: 495.361 Executing VM operation: RevokeBias done


Dynamic libraries:
0x00007ff71eed0000 - 0x00007ff71eeda000 	C:\Program Files\Android\Android Studio1\jre\bin\java.exe
0x00007ffe29ab0000 - 0x00007ffe29ca8000 	C:\Windows\SYSTEM32\ntdll.dll
0x00007ffe28eb0000 - 0x00007ffe28f6f000 	C:\Windows\System32\KERNEL32.DLL
0x00007ffe27280000 - 0x00007ffe27552000 	C:\Windows\System32\KERNELBASE.dll
0x00007ffe27620000 - 0x00007ffe27720000 	C:\Windows\System32\ucrtbase.dll
0x00007ffe23f10000 - 0x00007ffe23f29000 	C:\Program Files\Android\Android Studio1\jre\bin\jli.dll
0x00007ffe28c10000 - 0x00007ffe28db1000 	C:\Windows\System32\USER32.dll
0x00007ffe27560000 - 0x00007ffe27582000 	C:\Windows\System32\win32u.dll
0x00007ffe296a0000 - 0x00007ffe296cb000 	C:\Windows\System32\GDI32.dll
0x00007ffe27770000 - 0x00007ffe2787f000 	C:\Windows\System32\gdi32full.dll
0x00007ffe23f30000 - 0x00007ffe23f47000 	C:\Program Files\Android\Android Studio1\jre\bin\VCRUNTIME140.dll
0x00007ffe27a50000 - 0x00007ffe27aed000 	C:\Windows\System32\msvcp_win.dll
0x00007ffe12570000 - 0x00007ffe1280a000 	C:\Windows\WinSxS\amd64_microsoft.windows.common-controls_6595b64144ccf1df_6.0.19041.1110_none_60b5254171f9507e\COMCTL32.dll
0x00007ffe28120000 - 0x00007ffe281be000 	C:\Windows\System32\msvcrt.dll
0x00007ffe280e0000 - 0x00007ffe28112000 	C:\Windows\System32\IMM32.DLL
0x00007ffddf680000 - 0x00007ffddf71d000 	C:\Program Files\Android\Android Studio1\jre\bin\msvcp140.dll
0x00007ffdb7680000 - 0x00007ffdb8165000 	C:\Program Files\Android\Android Studio1\jre\bin\server\jvm.dll
0x00007ffe281c0000 - 0x00007ffe2826e000 	C:\Windows\System32\ADVAPI32.dll
0x00007ffe28270000 - 0x00007ffe2830c000 	C:\Windows\System32\sechost.dll
0x00007ffe28f80000 - 0x00007ffe290a5000 	C:\Windows\System32\RPCRT4.dll
0x00007ffe294e0000 - 0x00007ffe294e8000 	C:\Windows\System32\PSAPI.DLL
0x00007ffe173e0000 - 0x00007ffe173e9000 	C:\Windows\SYSTEM32\WSOCK32.dll
0x00007ffe28010000 - 0x00007ffe2807b000 	C:\Windows\System32\WS2_32.dll
0x00007ffe10a80000 - 0x00007ffe10aa7000 	C:\Windows\SYSTEM32\WINMM.dll
0x00007ffe163a0000 - 0x00007ffe163aa000 	C:\Windows\SYSTEM32\VERSION.dll
0x00007ffe259b0000 - 0x00007ffe259c2000 	C:\Windows\SYSTEM32\kernel.appcore.dll
0x00007ffe23ef0000 - 0x00007ffe23f01000 	C:\Program Files\Android\Android Studio1\jre\bin\verify.dll
0x00007ffe133f0000 - 0x00007ffe135d4000 	C:\Windows\SYSTEM32\DBGHELP.DLL
0x00007ffe13380000 - 0x00007ffe133b5000 	C:\Windows\SYSTEM32\dbgcore.DLL
0x00007ffe27590000 - 0x00007ffe27612000 	C:\Windows\System32\bcryptPrimitives.dll
0x00007ffe00cc0000 - 0x00007ffe00ce9000 	C:\Program Files\Android\Android Studio1\jre\bin\java.dll
0x00007ffe23f60000 - 0x00007ffe23f6b000 	C:\Program Files\Android\Android Studio1\jre\bin\jimage.dll
0x00007ffe006e0000 - 0x00007ffe006f8000 	C:\Program Files\Android\Android Studio1\jre\bin\zip.dll
0x00007ffe28310000 - 0x00007ffe28a54000 	C:\Windows\System32\SHELL32.dll
0x00007ffe25200000 - 0x00007ffe25992000 	C:\Windows\SYSTEM32\windows.storage.dll
0x00007ffe29180000 - 0x00007ffe294d5000 	C:\Windows\System32\combase.dll
0x00007ffe26b20000 - 0x00007ffe26b50000 	C:\Windows\SYSTEM32\Wldp.dll
0x00007ffe27af0000 - 0x00007ffe27b9d000 	C:\Windows\System32\SHCORE.dll
0x00007ffe28de0000 - 0x00007ffe28e35000 	C:\Windows\System32\shlwapi.dll
0x00007ffe270e0000 - 0x00007ffe270ff000 	C:\Windows\SYSTEM32\profapi.dll
0x00007ffe006c0000 - 0x00007ffe006da000 	C:\Program Files\Android\Android Studio1\jre\bin\net.dll
0x00007ffe1d540000 - 0x00007ffe1d64c000 	C:\Windows\SYSTEM32\WINHTTP.dll
0x00007ffe26900000 - 0x00007ffe2696a000 	C:\Windows\system32\mswsock.dll
0x00007ffe00520000 - 0x00007ffe00534000 	C:\Program Files\Android\Android Studio1\jre\bin\nio.dll
0x00007ffdf3a70000 - 0x00007ffdf3a97000 	C:\Users\lenovo\.gradle\native\f6784746aeab05261644944871eae4fe03e0ef1612fff0a4a95f87b438bc6780\windows-amd64\native-platform.dll
0x00007ffe23df0000 - 0x00007ffe23dfa000 	C:\Program Files\Android\Android Studio1\jre\bin\management.dll
0x00007ffe22270000 - 0x00007ffe2227d000 	C:\Program Files\Android\Android Studio1\jre\bin\management_ext.dll
0x00007ffe26e80000 - 0x00007ffe26e98000 	C:\Windows\SYSTEM32\CRYPTSP.dll
0x00007ffe261d0000 - 0x00007ffe26204000 	C:\Windows\system32\rsaenh.dll
0x00007ffe271a0000 - 0x00007ffe271c7000 	C:\Windows\System32\bcrypt.dll
0x00007ffe270a0000 - 0x00007ffe270ce000 	C:\Windows\SYSTEM32\USERENV.dll
0x00007ffe26a90000 - 0x00007ffe26a9c000 	C:\Windows\SYSTEM32\CRYPTBASE.dll
0x00007ffe265c0000 - 0x00007ffe265fb000 	C:\Windows\SYSTEM32\IPHLPAPI.DLL
0x00007ffe28f70000 - 0x00007ffe28f78000 	C:\Windows\System32\NSI.dll
0x00007ffe1e190000 - 0x00007ffe1e1a7000 	C:\Windows\SYSTEM32\dhcpcsvc6.DLL
0x00007ffe1e120000 - 0x00007ffe1e13d000 	C:\Windows\SYSTEM32\dhcpcsvc.DLL
0x00007ffe26600000 - 0x00007ffe266ca000 	C:\Windows\SYSTEM32\DNSAPI.dll
0x00007ffe1e9c0000 - 0x00007ffe1e9cb000 	C:\Windows\SYSTEM32\WINNSI.DLL

dbghelp: loaded successfully - version: 4.0.5 - missing functions: none
symbol engine: initialized successfully - sym options: 0x614 - pdb path: (cannot be retrieved)

VM Arguments:
jvm_args: -Dorg.gradle.appname=gradlew 
java_command: org.gradle.wrapper.GradleWrapperMain -q -Ptarget-platform=android-arm64 -Ptarget=C:\Users\lenovo\Downloads\stegoappfinal\stegoappfinal\lib\main.dart -Pbase-application-name=android.app.Application -Pdart-defines=RkxVVFRFUl9XRUJfQVVUT19ERVRFQ1Q9dHJ1ZQ== -Pdart-obfuscation=false -Ptrack-widget-creation=true -Ptree-shake-icons=false -Pfilesystem-scheme=org-dartlang-root assembleDebug
java_class_path (initial): C:\Users\lenovo\Downloads\stegoappfinal\stegoappfinal\android\\gradle\wrapper\gradle-wrapper.jar
Launcher Type: SUN_STANDARD

[Global flags]
     intx CICompilerCount                          = 3                                         {product} {ergonomic}
     uint ConcGCThreads                            = 1                                         {product} {ergonomic}
     uint G1ConcRefinementThreads                  = 4                                         {product} {ergonomic}
   size_t G1HeapRegionSize                         = 1048576                                   {product} {ergonomic}
    uintx GCDrainStackTargetSize                   = 64                                        {product} {ergonomic}
   size_t InitialHeapSize                          = 130023424                                 {product} {ergonomic}
   size_t MarkStackSize                            = 4194304                                   {product} {ergonomic}
   size_t MaxHeapSize                              = 2067791872                                {product} {ergonomic}
   size_t MaxNewSize                               = 1240465408                                {product} {ergonomic}
   size_t MinHeapDeltaBytes                        = 1048576                                   {product} {ergonomic}
    uintx NonNMethodCodeHeapSize                   = 5830732                                {pd product} {ergonomic}
    uintx NonProfiledCodeHeapSize                  = 122913754                              {pd product} {ergonomic}
    uintx ProfiledCodeHeapSize                     = 122913754                              {pd product} {ergonomic}
    uintx ReservedCodeCacheSize                    = 251658240                              {pd product} {ergonomic}
     bool SegmentedCodeCache                       = true                                      {product} {ergonomic}
     bool UseCompressedClassPointers               = true                                 {lp64_product} {ergonomic}
     bool UseCompressedOops                        = true                                 {lp64_product} {ergonomic}
     bool UseG1GC                                  = true                                      {product} {ergonomic}
     bool UseLargePagesIndividualAllocation        = false                                  {pd product} {ergonomic}

Logging:
Log output configuration:
 #0: stdout all=warning uptime,level,tags
 #1: stderr all=off uptime,level,tags

Environment Variables:
JAVA_HOME=C:\Program Files\Android\Android Studio1\jre
CLASSPATH=C:\Users\lenovo\Downloads\stegoappfinal\stegoappfinal\android\\gradle\wrapper\gradle-wrapper.jar
PATH=C:\Program Files\Common Files\Oracle\Java\javapath;C:\Windows\system32;C:\Windows;C:\Windows\System32\Wbem;C:\Windows\System32\WindowsPowerShell\v1.0\;C:\Windows\System32\OpenSSH\;C:\Program Files\Git\cmd;C:\Program Files\nodejs\;C:\Users\lenovo\.pyenv\pyenv-win\bin;C:\Users\lenovo\.pyenv\pyenv-win\shims;C:\Users\lenovo\AppData\Local\Programs\Python\Python39\Scripts\;C:\Users\lenovo\AppData\Local\Programs\Python\Python39\;C:\Users\lenovo\AppData\Local\Microsoft\WindowsApps;C:\Program Files (x86)\Python 3.5\Scripts;C:\Program Files (x86)\Python 3.5;C:\Program Files\JetBrains\PyCharm Community Edition 2021.3.3\bin;;C:\Program Files\Java\jdk-18.0.1.1\bin;C:\Program Files\Java;C:\Users\lenovo\AppData\Local\Programs\Microsoft VS Code\bin;C:\Users\lenovo\AppData\Local\Pub\Cache\bin;C:\Users\lenovo\AppData\Roaming\npm;C:\flt\flutter\bin;;C:\flt\flutter\bin\mingit\cmd
USERNAME=lenovo
OS=Windows_NT
PROCESSOR_IDENTIFIER=Intel64 Family 6 Model 61 Stepping 4, GenuineIntel



---------------  S Y S T E M  ---------------

OS: Windows 10 , 64 bit Build 19041 (10.0.19041.2364)
OS uptime: 0 days 16:18 hours
Hyper-V role detected

CPU:total 4 (initial active 4) (2 cores per cpu, 2 threads per core) family 6 model 61 stepping 4 microcode 0x2d, cmov, cx8, fxsr, mmx, sse, sse2, sse3, ssse3, sse4.1, sse4.2, popcnt, avx, avx2, aes, clmul, erms, rtm, 3dnowpref, lzcnt, ht, tsc, tscinvbit, bmi1, bmi2, adx, fma

Memory: 4k page, system-wide physical 7887M (517M free)
TotalPageFile size 16129M (AvailPageFile size 0M)
current process WorkingSet (physical memory assigned to process): 52M, peak: 100M
current process commit charge ("private bytes"): 213M, peak: 223M

vm_info: OpenJDK 64-Bit Server VM (11.0.12+7-b1504.28-7817840) for windows-amd64 JRE (11.0.12+7-b1504.28-7817840), built on Oct 13 2021 22:12:33 by "builder" with MS VC++ 14.0 (VS2015)

END.
